<?xml version="1.0" encoding="UTF-8" ?>
<testsuite failures="0" time="0.061" errors="0" skipped="0" tests="1" name="me.firecloud.card.AppTest">
  <properties>
    <property name="java.runtime.name" value="Java(TM) SE Runtime Environment"/>
    <property name="sun.boot.library.path" value="/home/kkppccdd/tools/jdk1.7.0_05/jre/lib/amd64"/>
    <property name="java.vm.version" value="23.1-b03"/>
    <property name="java.vm.vendor" value="Oracle Corporation"/>
    <property name="java.vendor.url" value="http://java.oracle.com/"/>
    <property name="path.separator" value=":"/>
    <property name="java.vm.name" value="Java HotSpot(TM) 64-Bit Server VM"/>
    <property name="file.encoding.pkg" value="sun.io"/>
    <property name="user.country" value="US"/>
    <property name="sun.java.launcher" value="SUN_STANDARD"/>
    <property name="sun.os.patch.level" value="unknown"/>
    <property name="java.vm.specification.name" value="Java Virtual Machine Specification"/>
    <property name="user.dir" value="/home/kkppccdd/git/card"/>
    <property name="java.runtime.version" value="1.7.0_05-b06"/>
    <property name="java.awt.graphicsenv" value="sun.awt.X11GraphicsEnvironment"/>
    <property name="basedir" value="/home/kkppccdd/git/card"/>
    <property name="java.endorsed.dirs" value="/home/kkppccdd/tools/jdk1.7.0_05/jre/lib/endorsed"/>
    <property name="os.arch" value="amd64"/>
    <property name="surefire.real.class.path" value="/home/kkppccdd/git/card/target/surefire/surefirebooter9179874870267530400.jar"/>
    <property name="java.io.tmpdir" value="/tmp"/>
    <property name="line.separator" value="
"/>
    <property name="java.vm.specification.vendor" value="Oracle Corporation"/>
    <property name="os.name" value="Linux"/>
    <property name="sun.jnu.encoding" value="UTF-8"/>
    <property name="java.library.path" value="/home/kkppccdd/tools/jdk1.7.0_05/jre/lib/amd64/server:/home/kkppccdd/tools/jdk1.7.0_05/jre/lib/amd64::/usr/java/packages/lib/amd64:/usr/lib64:/lib64:/lib:/usr/lib"/>
    <property name="surefire.test.class.path" value="/home/kkppccdd/git/card/target/test-classes:/home/kkppccdd/git/card/target/classes:/home/kkppccdd/.m2/repository/org/scala-lang/scala-library/2.9.2/scala-library-2.9.2.jar:/home/kkppccdd/.m2/repository/junit/junit/4.4/junit-4.4.jar:"/>
    <property name="java.specification.name" value="Java Platform API Specification"/>
    <property name="java.class.version" value="51.0"/>
    <property name="sun.management.compiler" value="HotSpot 64-Bit Tiered Compilers"/>
    <property name="os.version" value="3.2.0-32-generic"/>
    <property name="user.home" value="/home/kkppccdd"/>
    <property name="user.timezone" value=""/>
    <property name="java.awt.printerjob" value="sun.print.PSPrinterJob"/>
    <property name="file.encoding" value="UTF-8"/>
    <property name="java.specification.version" value="1.7"/>
    <property name="user.name" value="kkppccdd"/>
    <property name="java.class.path" value="/home/kkppccdd/git/card/target/test-classes:/home/kkppccdd/git/card/target/classes:/home/kkppccdd/.m2/repository/org/scala-lang/scala-library/2.9.2/scala-library-2.9.2.jar:/home/kkppccdd/.m2/repository/junit/junit/4.4/junit-4.4.jar:"/>
    <property name="java.vm.specification.version" value="1.7"/>
    <property name="sun.arch.data.model" value="64"/>
    <property name="java.home" value="/home/kkppccdd/tools/jdk1.7.0_05/jre"/>
    <property name="sun.java.command" value="/home/kkppccdd/git/card/target/surefire/surefirebooter9179874870267530400.jar /home/kkppccdd/git/card/target/surefire/surefire6116425359433378001tmp /home/kkppccdd/git/card/target/surefire/surefire6771169257800875696tmp"/>
    <property name="java.specification.vendor" value="Oracle Corporation"/>
    <property name="user.language" value="en"/>
    <property name="awt.toolkit" value="sun.awt.X11.XToolkit"/>
    <property name="java.vm.info" value="mixed mode"/>
    <property name="java.version" value="1.7.0_05"/>
    <property name="java.ext.dirs" value="/home/kkppccdd/tools/jdk1.7.0_05/jre/lib/ext:/usr/java/packages/lib/ext"/>
    <property name="sun.boot.class.path" value="/home/kkppccdd/tools/jdk1.7.0_05/jre/lib/resources.jar:/home/kkppccdd/tools/jdk1.7.0_05/jre/lib/rt.jar:/home/kkppccdd/tools/jdk1.7.0_05/jre/lib/sunrsasign.jar:/home/kkppccdd/tools/jdk1.7.0_05/jre/lib/jsse.jar:/home/kkppccdd/tools/jdk1.7.0_05/jre/lib/jce.jar:/home/kkppccdd/tools/jdk1.7.0_05/jre/lib/charsets.jar:/home/kkppccdd/tools/jdk1.7.0_05/jre/lib/jfr.jar:/home/kkppccdd/tools/jdk1.7.0_05/jre/classes"/>
    <property name="java.vendor" value="Oracle Corporation"/>
    <property name="localRepository" value="/home/kkppccdd/.m2/repository"/>
    <property name="file.separator" value="/"/>
    <property name="java.vendor.url.bug" value="http://bugreport.sun.com/bugreport/"/>
    <property name="sun.cpu.endian" value="little"/>
    <property name="sun.io.unicode.encoding" value="UnicodeLittle"/>
    <property name="sun.desktop" value="gnome"/>
    <property name="sun.cpu.isalist" value=""/>
  </properties>
  <testcase time="0.01" classname="me.firecloud.card.AppTest" name="testOK"/>
</testsuite>